[31mfailed to load config from C:\Users\Startklar\Desktop\ATI-Individual-Project\civiclink\web-public\vite.config.js[39m
[31merror when starting dev server:
Error: Build failed with 1 error:

[plugin externalize-deps]
Error: spawn EPERM
    at ChildProcess.spawn (node:internal/child_process:421:11)
    at spawn (node:child_process:796:9)
    at Object.execFile (node:child_process:349:17)
    at exec (node:child_process:236:25)
    at optimizeSafeRealPathSync (file:///C:/Users/Startklar/Desktop/ATI-Individual-Project/civiclink/web-public/node_modules/vite/dist/node/chunks/node.js:1954:2)
    at windowsSafeRealPathSync (file:///C:/Users/Startklar/Desktop/ATI-Individual-Project/civiclink/web-public/node_modules/vite/dist/node/chunks/node.js:1940:3)
    at getRealPath (file:///C:/Users/Startklar/Desktop/ATI-Individual-Project/civiclink/web-public/node_modules/vite/dist/node/chunks/node.js:32277:36)
    at tryResolveRealFileOrType (file:///C:/Users/Startklar/Desktop/ATI-Individual-Project/civiclink/web-public/node_modules/vite/dist/node/chunks/node.js:32271:9)
    at tryCleanFsResolve (file:///C:/Users/Startklar/Desktop/ATI-Individual-Project/civiclink/web-public/node_modules/vite/dist/node/chunks/node.js:32015:21)
    at tryFsResolve (file:///C:/Users/Startklar/Desktop/ATI-Individual-Project/civiclink/web-public/node_modules/vite/dist/node/chunks/node.js:32008:14)
    at aggregateBindingErrorsIntoJsError (file:///C:/Users/Startklar/Desktop/ATI-Individual-Project/civiclink/web-public/node_modules/rolldown/dist/shared/error-BO4SlZV_.mjs:48:18)
    at unwrapBindingResult (file:///C:/Users/Startklar/Desktop/ATI-Individual-Project/civiclink/web-public/node_modules/rolldown/dist/shared/error-BO4SlZV_.mjs:18:128)
    at #build (file:///C:/Users/Startklar/Desktop/ATI-Individual-Project/civiclink/web-public/node_modules/rolldown/dist/shared/rolldown-build-yQC7KN8K.mjs:3311:34)
    at async bundleConfigFile (file:///C:/Users/Startklar/Desktop/ATI-Individual-Project/civiclink/web-public/node_modules/vite/dist/node/chunks/node.js:34495:17)
    at async bundleAndLoadConfigFile (file:///C:/Users/Startklar/Desktop/ATI-Individual-Project/civiclink/web-public/node_modules/vite/dist/node/chunks/node.js:34403:18)
    at async loadConfigFromFile (file:///C:/Users/Startklar/Desktop/ATI-Individual-Project/civiclink/web-public/node_modules/vite/dist/node/chunks/node.js:34372:42)
    at async resolveConfig (file:///C:/Users/Startklar/Desktop/ATI-Individual-Project/civiclink/web-public/node_modules/vite/dist/node/chunks/node.js:33996:22)
    at async _createServer (file:///C:/Users/Startklar/Desktop/ATI-Individual-Project/civiclink/web-public/node_modules/vite/dist/node/chunks/node.js:25892:65)
    at async CAC.<anonymous> (file:///C:/Users/Startklar/Desktop/ATI-Individual-Project/civiclink/web-public/node_modules/vite/dist/node/cli.js:709:18) {
  errors: [Getter/Setter]
}[39m
